{"/home/manuel/Documentos/ReactTS/03-gifs-app/src/GifsApp.tsx": {"path":"/home/manuel/Documentos/ReactTS/03-gifs-app/src/GifsApp.tsx","all":false,"statementMap":{"0":{"start":{"line":1,"column":0},"end":{"line":1,"column":81}},"1":{"start":{"line":2,"column":0},"end":{"line":2,"column":69}},"2":{"start":{"line":3,"column":0},"end":{"line":3,"column":103}},"3":{"start":{"line":4,"column":0},"end":{"line":4,"column":113}},"4":{"start":{"line":5,"column":0},"end":{"line":5,"column":103}},"5":{"start":{"line":6,"column":0},"end":{"line":6,"column":92}},"7":{"start":{"line":8,"column":0},"end":{"line":8,"column":40}},"8":{"start":{"line":9,"column":0},"end":{"line":9,"column":30}},"9":{"start":{"line":10,"column":0},"end":{"line":10,"column":52}},"10":{"start":{"line":11,"column":0},"end":{"line":11,"column":51}},"11":{"start":{"line":12,"column":0},"end":{"line":12,"column":62}},"12":{"start":{"line":13,"column":0},"end":{"line":13,"column":92}},"13":{"start":{"line":14,"column":0},"end":{"line":14,"column":61}},"14":{"start":{"line":15,"column":0},"end":{"line":15,"column":77}},"16":{"start":{"line":17,"column":0},"end":{"line":17,"column":10}},"17":{"start":{"line":18,"column":0},"end":{"line":18,"column":6}},"19":{"start":{"line":20,"column":0},"end":{"line":20,"column":19}},"20":{"start":{"line":21,"column":0},"end":{"line":21,"column":32}},"21":{"start":{"line":22,"column":0},"end":{"line":22,"column":57}},"27":{"start":{"line":28,"column":0},"end":{"line":28,"column":77}},"32":{"start":{"line":33,"column":0},"end":{"line":33,"column":23}},"33":{"start":{"line":34,"column":0},"end":{"line":34,"column":32}},"34":{"start":{"line":35,"column":0},"end":{"line":35,"column":42}},"39":{"start":{"line":40,"column":0},"end":{"line":40,"column":29}},"42":{"start":{"line":43,"column":0},"end":{"line":43,"column":2}}},"s":{"0":1,"1":1,"2":1,"3":1,"4":1,"5":1,"7":1,"8":1,"9":1,"10":1,"11":1,"12":1,"13":1,"14":1,"16":1,"17":1,"19":1,"20":1,"21":1,"27":1,"32":1,"33":1,"34":1,"39":1,"42":1},"branchMap":{"0":{"type":"branch","line":9,"loc":{"start":{"line":9,"column":23},"end":{"line":43,"column":2}},"locations":[{"start":{"line":9,"column":23},"end":{"line":43,"column":2}}]}},"b":{"0":[1]},"fnMap":{"0":{"name":"GifsApp","decl":{"start":{"line":9,"column":23},"end":{"line":43,"column":2}},"loc":{"start":{"line":9,"column":23},"end":{"line":43,"column":2}},"line":9}},"f":{"0":1}}
,"/home/manuel/Documentos/ReactTS/03-gifs-app/src/main.tsx": {"path":"/home/manuel/Documentos/ReactTS/03-gifs-app/src/main.tsx","all":true,"statementMap":{"0":{"start":{"line":1,"column":0},"end":{"line":1,"column":35}},"1":{"start":{"line":2,"column":0},"end":{"line":2,"column":46}},"2":{"start":{"line":3,"column":0},"end":{"line":3,"column":21}},"3":{"start":{"line":4,"column":0},"end":{"line":4,"column":36}},"4":{"start":{"line":5,"column":0},"end":{"line":5,"column":57}},"6":{"start":{"line":7,"column":0},"end":{"line":7,"column":52}},"7":{"start":{"line":8,"column":0},"end":{"line":8,"column":14}},"8":{"start":{"line":9,"column":0},"end":{"line":9,"column":15}}},"s":{"0":0,"1":0,"2":0,"3":0,"4":0,"6":0,"7":0,"8":0},"branchMap":{"0":{"type":"branch","line":1,"loc":{"start":{"line":1,"column":303},"end":{"line":11,"column":2}},"locations":[{"start":{"line":1,"column":303},"end":{"line":11,"column":2}}]}},"b":{"0":[0]},"fnMap":{"0":{"name":"(empty-report)","decl":{"start":{"line":1,"column":303},"end":{"line":11,"column":2}},"loc":{"start":{"line":1,"column":303},"end":{"line":11,"column":2}},"line":1}},"f":{"0":0}}
,"/home/manuel/Documentos/ReactTS/03-gifs-app/src/counter/components/Counter.tsx": {"path":"/home/manuel/Documentos/ReactTS/03-gifs-app/src/counter/components/Counter.tsx","all":false,"statementMap":{"0":{"start":{"line":1,"column":0},"end":{"line":1,"column":49}},"2":{"start":{"line":3,"column":0},"end":{"line":3,"column":30}},"3":{"start":{"line":4,"column":0},"end":{"line":4,"column":76}},"4":{"start":{"line":5,"column":0},"end":{"line":5,"column":10}},"5":{"start":{"line":6,"column":0},"end":{"line":6,"column":8}},"6":{"start":{"line":7,"column":0},"end":{"line":7,"column":80}},"8":{"start":{"line":9,"column":0},"end":{"line":9,"column":32}},"9":{"start":{"line":10,"column":0},"end":{"line":10,"column":10}},"10":{"start":{"line":11,"column":0},"end":{"line":11,"column":16}},"11":{"start":{"line":12,"column":0},"end":{"line":12,"column":26}},"12":{"start":{"line":13,"column":0},"end":{"line":13,"column":22}},"13":{"start":{"line":14,"column":0},"end":{"line":14,"column":10}},"15":{"start":{"line":16,"column":0},"end":{"line":16,"column":47}},"16":{"start":{"line":17,"column":0},"end":{"line":17,"column":52}},"17":{"start":{"line":18,"column":0},"end":{"line":18,"column":52}},"21":{"start":{"line":22,"column":0},"end":{"line":22,"column":2}}},"s":{"0":1,"2":1,"3":11,"4":11,"5":11,"6":11,"8":11,"9":11,"10":11,"11":11,"12":11,"13":11,"15":11,"16":11,"17":11,"21":11},"branchMap":{"0":{"type":"branch","line":3,"loc":{"start":{"line":3,"column":23},"end":{"line":22,"column":2}},"locations":[{"start":{"line":3,"column":23},"end":{"line":22,"column":2}}]}},"b":{"0":[11]},"fnMap":{"0":{"name":"Counter","decl":{"start":{"line":3,"column":23},"end":{"line":22,"column":2}},"loc":{"start":{"line":3,"column":23},"end":{"line":22,"column":2}},"line":3}},"f":{"0":11}}
,"/home/manuel/Documentos/ReactTS/03-gifs-app/src/counter/hooks/useCounter.tsx": {"path":"/home/manuel/Documentos/ReactTS/03-gifs-app/src/counter/hooks/useCounter.tsx","all":false,"statementMap":{"0":{"start":{"line":1,"column":0},"end":{"line":1,"column":33}},"8":{"start":{"line":9,"column":0},"end":{"line":9,"column":71}},"9":{"start":{"line":10,"column":0},"end":{"line":10,"column":55}},"10":{"start":{"line":11,"column":0},"end":{"line":11,"column":27}},"11":{"start":{"line":12,"column":0},"end":{"line":12,"column":28}},"12":{"start":{"line":13,"column":0},"end":{"line":13,"column":4}},"13":{"start":{"line":14,"column":0},"end":{"line":14,"column":32}},"14":{"start":{"line":15,"column":0},"end":{"line":15,"column":28}},"15":{"start":{"line":16,"column":0},"end":{"line":16,"column":4}},"16":{"start":{"line":17,"column":0},"end":{"line":17,"column":29}},"17":{"start":{"line":18,"column":0},"end":{"line":18,"column":29}},"18":{"start":{"line":19,"column":0},"end":{"line":19,"column":4}},"19":{"start":{"line":20,"column":0},"end":{"line":20,"column":10}},"20":{"start":{"line":21,"column":0},"end":{"line":21,"column":25}},"21":{"start":{"line":22,"column":0},"end":{"line":22,"column":12}},"23":{"start":{"line":24,"column":0},"end":{"line":24,"column":20}},"24":{"start":{"line":25,"column":0},"end":{"line":25,"column":14}},"25":{"start":{"line":26,"column":0},"end":{"line":26,"column":19}},"26":{"start":{"line":27,"column":0},"end":{"line":27,"column":16}},"27":{"start":{"line":28,"column":0},"end":{"line":28,"column":4}},"28":{"start":{"line":29,"column":0},"end":{"line":29,"column":2}}},"s":{"0":1,"8":1,"9":15,"10":15,"11":4,"12":4,"13":15,"14":2,"15":2,"16":15,"17":1,"18":1,"19":15,"20":15,"21":15,"23":15,"24":15,"25":15,"26":15,"27":15,"28":15},"branchMap":{"0":{"type":"branch","line":9,"loc":{"start":{"line":9,"column":26},"end":{"line":29,"column":2}},"locations":[{"start":{"line":9,"column":26},"end":{"line":29,"column":2}}]},"1":{"type":"branch","line":11,"loc":{"start":{"line":11,"column":20},"end":{"line":13,"column":4}},"locations":[{"start":{"line":11,"column":20},"end":{"line":13,"column":4}}]},"2":{"type":"branch","line":14,"loc":{"start":{"line":14,"column":25},"end":{"line":16,"column":4}},"locations":[{"start":{"line":14,"column":25},"end":{"line":16,"column":4}}]},"3":{"type":"branch","line":17,"loc":{"start":{"line":17,"column":22},"end":{"line":19,"column":4}},"locations":[{"start":{"line":17,"column":22},"end":{"line":19,"column":4}}]}},"b":{"0":[15],"1":[4],"2":[2],"3":[1]},"fnMap":{"0":{"name":"useCounter","decl":{"start":{"line":9,"column":26},"end":{"line":29,"column":2}},"loc":{"start":{"line":9,"column":26},"end":{"line":29,"column":2}},"line":9},"1":{"name":"handleAdd","decl":{"start":{"line":11,"column":20},"end":{"line":13,"column":4}},"loc":{"start":{"line":11,"column":20},"end":{"line":13,"column":4}},"line":11},"2":{"name":"handleSubtract","decl":{"start":{"line":14,"column":25},"end":{"line":16,"column":4}},"loc":{"start":{"line":14,"column":25},"end":{"line":16,"column":4}},"line":14},"3":{"name":"handleReset","decl":{"start":{"line":17,"column":22},"end":{"line":19,"column":4}},"loc":{"start":{"line":17,"column":22},"end":{"line":19,"column":4}},"line":17}},"f":{"0":15,"1":4,"2":2,"3":1}}
,"/home/manuel/Documentos/ReactTS/03-gifs-app/src/gifs/actions/get-gifs-by-query.action.ts": {"path":"/home/manuel/Documentos/ReactTS/03-gifs-app/src/gifs/actions/get-gifs-by-query.action.ts","all":false,"statementMap":{"0":{"start":{"line":1,"column":0},"end":{"line":1,"column":66}},"7":{"start":{"line":8,"column":0},"end":{"line":8,"column":79}},"8":{"start":{"line":9,"column":0},"end":{"line":9,"column":44}},"10":{"start":{"line":11,"column":0},"end":{"line":11,"column":74}},"11":{"start":{"line":12,"column":0},"end":{"line":12,"column":72}},"12":{"start":{"line":13,"column":0},"end":{"line":13,"column":77}},"13":{"start":{"line":14,"column":0},"end":{"line":14,"column":91}},"14":{"start":{"line":15,"column":0},"end":{"line":15,"column":34}},"15":{"start":{"line":16,"column":0},"end":{"line":16,"column":14}},"16":{"start":{"line":17,"column":0},"end":{"line":17,"column":3}},"17":{"start":{"line":18,"column":0},"end":{"line":18,"column":7}},"18":{"start":{"line":19,"column":0},"end":{"line":19,"column":67}},"19":{"start":{"line":20,"column":0},"end":{"line":20,"column":15}},"20":{"start":{"line":21,"column":0},"end":{"line":21,"column":53}},"21":{"start":{"line":22,"column":0},"end":{"line":22,"column":68}},"22":{"start":{"line":23,"column":0},"end":{"line":23,"column":8}},"23":{"start":{"line":24,"column":0},"end":{"line":24,"column":7}},"25":{"start":{"line":26,"column":0},"end":{"line":26,"column":70}},"26":{"start":{"line":27,"column":0},"end":{"line":27,"column":70}},"27":{"start":{"line":28,"column":0},"end":{"line":28,"column":45}},"28":{"start":{"line":29,"column":0},"end":{"line":29,"column":48}},"29":{"start":{"line":30,"column":0},"end":{"line":30,"column":50}},"30":{"start":{"line":31,"column":0},"end":{"line":31,"column":74}},"31":{"start":{"line":32,"column":0},"end":{"line":32,"column":84}},"32":{"start":{"line":33,"column":0},"end":{"line":33,"column":85}},"33":{"start":{"line":34,"column":0},"end":{"line":34,"column":8}},"35":{"start":{"line":36,"column":0},"end":{"line":36,"column":62}},"36":{"start":{"line":37,"column":0},"end":{"line":37,"column":43}},"37":{"start":{"line":38,"column":0},"end":{"line":38,"column":13}},"38":{"start":{"line":39,"column":0},"end":{"line":39,"column":116}},"39":{"start":{"line":40,"column":0},"end":{"line":40,"column":9}},"40":{"start":{"line":41,"column":0},"end":{"line":41,"column":19}},"41":{"start":{"line":42,"column":0},"end":{"line":42,"column":25}},"42":{"start":{"line":43,"column":0},"end":{"line":43,"column":14}},"43":{"start":{"line":44,"column":0},"end":{"line":44,"column":3}},"44":{"start":{"line":45,"column":0},"end":{"line":45,"column":2}}},"s":{"0":1,"7":1,"8":1,"10":1,"11":1,"12":6,"13":6,"14":6,"15":1,"16":1,"17":5,"18":5,"19":5,"20":5,"21":5,"22":5,"23":5,"25":4,"26":4,"27":4,"28":40,"29":40,"30":40,"31":40,"32":40,"33":40,"35":4,"36":4,"37":4,"38":4,"39":4,"40":4,"41":1,"42":1,"43":1,"44":6},"branchMap":{"0":{"type":"branch","line":12,"loc":{"start":{"line":12,"column":30},"end":{"line":45,"column":2}},"locations":[{"start":{"line":12,"column":30},"end":{"line":45,"column":2}}]},"1":{"type":"branch","line":15,"loc":{"start":{"line":15,"column":33},"end":{"line":17,"column":3}},"locations":[{"start":{"line":15,"column":33},"end":{"line":17,"column":3}}]},"2":{"type":"branch","line":17,"loc":{"start":{"line":17,"column":2},"end":{"line":24,"column":7}},"locations":[{"start":{"line":17,"column":2},"end":{"line":24,"column":7}}]},"3":{"type":"branch","line":24,"loc":{"start":{"line":24,"column":4},"end":{"line":44,"column":3}},"locations":[{"start":{"line":24,"column":4},"end":{"line":44,"column":3}}]},"4":{"type":"branch","line":41,"loc":{"start":{"line":41,"column":4},"end":{"line":44,"column":3}},"locations":[{"start":{"line":41,"column":4},"end":{"line":44,"column":3}}]},"5":{"type":"branch","line":28,"loc":{"start":{"line":28,"column":34},"end":{"line":34,"column":8}},"locations":[{"start":{"line":28,"column":34},"end":{"line":34,"column":8}}]}},"b":{"0":[6],"1":[1],"2":[5],"3":[4],"4":[1],"5":[40]},"fnMap":{"0":{"name":"getGifsByQuery","decl":{"start":{"line":12,"column":30},"end":{"line":45,"column":2}},"loc":{"start":{"line":12,"column":30},"end":{"line":45,"column":2}},"line":12}},"f":{"0":6}}
,"/home/manuel/Documentos/ReactTS/03-gifs-app/src/gifs/api/giphy.api.ts": {"path":"/home/manuel/Documentos/ReactTS/03-gifs-app/src/gifs/api/giphy.api.ts","all":false,"statementMap":{"0":{"start":{"line":1,"column":0},"end":{"line":1,"column":26}},"2":{"start":{"line":3,"column":0},"end":{"line":3,"column":38}},"3":{"start":{"line":4,"column":0},"end":{"line":4,"column":43}},"4":{"start":{"line":5,"column":0},"end":{"line":5,"column":11}},"5":{"start":{"line":6,"column":0},"end":{"line":6,"column":15}},"6":{"start":{"line":7,"column":0},"end":{"line":7,"column":48}},"7":{"start":{"line":8,"column":0},"end":{"line":8,"column":4}},"8":{"start":{"line":9,"column":0},"end":{"line":9,"column":3}}},"s":{"0":1,"2":1,"3":1,"4":1,"5":1,"6":1,"7":1,"8":1},"branchMap":{},"b":{},"fnMap":{},"f":{}}
,"/home/manuel/Documentos/ReactTS/03-gifs-app/src/gifs/components/GifList.tsx": {"path":"/home/manuel/Documentos/ReactTS/03-gifs-app/src/gifs/components/GifList.tsx","all":false,"statementMap":{"0":{"start":{"line":1,"column":0},"end":{"line":1,"column":59}},"1":{"start":{"line":2,"column":0},"end":{"line":2,"column":69}},"13":{"start":{"line":14,"column":0},"end":{"line":14,"column":68}},"14":{"start":{"line":15,"column":0},"end":{"line":15,"column":52}},"15":{"start":{"line":16,"column":0},"end":{"line":16,"column":49}},"16":{"start":{"line":17,"column":0},"end":{"line":17,"column":10}},"17":{"start":{"line":18,"column":0},"end":{"line":18,"column":47}},"18":{"start":{"line":19,"column":0},"end":{"line":19,"column":36}},"20":{"start":{"line":21,"column":0},"end":{"line":21,"column":26}},"21":{"start":{"line":22,"column":0},"end":{"line":22,"column":16}},"22":{"start":{"line":23,"column":0},"end":{"line":23,"column":70}},"23":{"start":{"line":24,"column":0},"end":{"line":24,"column":49}},"25":{"start":{"line":26,"column":0},"end":{"line":26,"column":49}},"28":{"start":{"line":29,"column":0},"end":{"line":29,"column":32}},"31":{"start":{"line":32,"column":0},"end":{"line":32,"column":15}},"32":{"start":{"line":33,"column":0},"end":{"line":33,"column":45}},"36":{"start":{"line":37,"column":0},"end":{"line":37,"column":9}},"39":{"start":{"line":40,"column":0},"end":{"line":40,"column":2}}},"s":{"0":1,"1":1,"13":1,"14":1,"15":1,"16":1,"17":1,"18":1,"20":1,"21":0,"22":0,"23":0,"25":0,"28":0,"31":0,"32":0,"36":0,"39":1},"branchMap":{"0":{"type":"branch","line":16,"loc":{"start":{"line":16,"column":34},"end":{"line":40,"column":2}},"locations":[{"start":{"line":16,"column":34},"end":{"line":40,"column":2}}]}},"b":{"0":[1]},"fnMap":{"0":{"name":"GifList","decl":{"start":{"line":16,"column":34},"end":{"line":40,"column":2}},"loc":{"start":{"line":16,"column":34},"end":{"line":40,"column":2}},"line":16}},"f":{"0":1}}
,"/home/manuel/Documentos/ReactTS/03-gifs-app/src/gifs/components/PreviousSearches.tsx": {"path":"/home/manuel/Documentos/ReactTS/03-gifs-app/src/gifs/components/PreviousSearches.tsx","all":false,"statementMap":{"0":{"start":{"line":1,"column":0},"end":{"line":1,"column":60}},"1":{"start":{"line":2,"column":0},"end":{"line":2,"column":73}},"12":{"start":{"line":13,"column":0},"end":{"line":13,"column":72}},"13":{"start":{"line":14,"column":0},"end":{"line":14,"column":78}},"14":{"start":{"line":15,"column":0},"end":{"line":15,"column":10}},"15":{"start":{"line":16,"column":0},"end":{"line":16,"column":61}},"16":{"start":{"line":17,"column":0},"end":{"line":17,"column":39}},"18":{"start":{"line":19,"column":0},"end":{"line":19,"column":32}},"21":{"start":{"line":22,"column":0},"end":{"line":22,"column":45}},"23":{"start":{"line":24,"column":0},"end":{"line":24,"column":33}},"24":{"start":{"line":25,"column":0},"end":{"line":25,"column":84}},"25":{"start":{"line":26,"column":0},"end":{"line":26,"column":103}},"26":{"start":{"line":27,"column":0},"end":{"line":27,"column":62}},"27":{"start":{"line":28,"column":0},"end":{"line":28,"column":18}},"33":{"start":{"line":34,"column":0},"end":{"line":34,"column":2}}},"s":{"0":1,"1":1,"12":1,"13":1,"14":1,"15":1,"16":1,"18":1,"21":1,"23":1,"24":1,"25":1,"26":1,"27":1,"33":1},"branchMap":{"0":{"type":"branch","line":14,"loc":{"start":{"line":14,"column":43},"end":{"line":34,"column":2}},"locations":[{"start":{"line":14,"column":43},"end":{"line":34,"column":2}}]}},"b":{"0":[1]},"fnMap":{"0":{"name":"PreviousSearches","decl":{"start":{"line":14,"column":43},"end":{"line":34,"column":2}},"loc":{"start":{"line":14,"column":43},"end":{"line":34,"column":2}},"line":14}},"f":{"0":1}}
,"/home/manuel/Documentos/ReactTS/03-gifs-app/src/gifs/hooks/useGifs.tsx": {"path":"/home/manuel/Documentos/ReactTS/03-gifs-app/src/gifs/hooks/useGifs.tsx","all":false,"statementMap":{"0":{"start":{"line":1,"column":0},"end":{"line":1,"column":41}},"3":{"start":{"line":4,"column":0},"end":{"line":4,"column":69}},"4":{"start":{"line":5,"column":0},"end":{"line":5,"column":46}},"5":{"start":{"line":6,"column":0},"end":{"line":6,"column":30}},"6":{"start":{"line":7,"column":0},"end":{"line":7,"column":67}},"7":{"start":{"line":8,"column":0},"end":{"line":8,"column":46}},"8":{"start":{"line":9,"column":0},"end":{"line":9,"column":54}},"10":{"start":{"line":11,"column":0},"end":{"line":11,"column":53}},"11":{"start":{"line":12,"column":0},"end":{"line":12,"column":34}},"12":{"start":{"line":13,"column":0},"end":{"line":13,"column":39}},"13":{"start":{"line":14,"column":0},"end":{"line":14,"column":13}},"14":{"start":{"line":15,"column":0},"end":{"line":15,"column":5}},"15":{"start":{"line":16,"column":0},"end":{"line":16,"column":44}},"16":{"start":{"line":17,"column":0},"end":{"line":17,"column":18}},"17":{"start":{"line":18,"column":0},"end":{"line":18,"column":35}},"18":{"start":{"line":19,"column":0},"end":{"line":19,"column":4}},"19":{"start":{"line":20,"column":0},"end":{"line":20,"column":49}},"20":{"start":{"line":21,"column":0},"end":{"line":21,"column":39}},"21":{"start":{"line":22,"column":0},"end":{"line":22,"column":36}},"23":{"start":{"line":24,"column":0},"end":{"line":24,"column":46}},"25":{"start":{"line":26,"column":0},"end":{"line":26,"column":61}},"26":{"start":{"line":27,"column":0},"end":{"line":27,"column":45}},"27":{"start":{"line":28,"column":0},"end":{"line":28,"column":18}},"28":{"start":{"line":29,"column":0},"end":{"line":29,"column":36}},"29":{"start":{"line":30,"column":0},"end":{"line":30,"column":4}},"30":{"start":{"line":31,"column":0},"end":{"line":31,"column":10}},"31":{"start":{"line":32,"column":0},"end":{"line":32,"column":28}},"32":{"start":{"line":33,"column":0},"end":{"line":33,"column":9}},"33":{"start":{"line":34,"column":0},"end":{"line":34,"column":18}},"35":{"start":{"line":36,"column":0},"end":{"line":36,"column":22}},"36":{"start":{"line":37,"column":0},"end":{"line":37,"column":22}},"37":{"start":{"line":38,"column":0},"end":{"line":38,"column":17}},"38":{"start":{"line":39,"column":0},"end":{"line":39,"column":4}},"39":{"start":{"line":40,"column":0},"end":{"line":40,"column":2}}},"s":{"0":1,"3":1,"4":1,"5":1,"6":19,"7":19,"8":19,"10":19,"11":3,"12":1,"13":1,"14":1,"15":2,"16":2,"17":2,"18":2,"19":19,"20":10,"21":10,"23":10,"25":10,"26":10,"27":10,"28":10,"29":10,"30":19,"31":19,"32":19,"33":19,"35":19,"36":19,"37":19,"38":19,"39":19},"branchMap":{"0":{"type":"branch","line":6,"loc":{"start":{"line":6,"column":23},"end":{"line":40,"column":2}},"locations":[{"start":{"line":6,"column":23},"end":{"line":40,"column":2}}]},"1":{"type":"branch","line":11,"loc":{"start":{"line":11,"column":28},"end":{"line":19,"column":4}},"locations":[{"start":{"line":11,"column":28},"end":{"line":19,"column":4}}]},"2":{"type":"branch","line":12,"loc":{"start":{"line":12,"column":33},"end":{"line":15,"column":5}},"locations":[{"start":{"line":12,"column":33},"end":{"line":15,"column":5}}]},"3":{"type":"branch","line":15,"loc":{"start":{"line":15,"column":4},"end":{"line":19,"column":4}},"locations":[{"start":{"line":15,"column":4},"end":{"line":19,"column":4}}]},"4":{"type":"branch","line":20,"loc":{"start":{"line":20,"column":23},"end":{"line":30,"column":4}},"locations":[{"start":{"line":20,"column":23},"end":{"line":30,"column":4}}]},"5":{"type":"branch","line":22,"loc":{"start":{"line":22,"column":29},"end":{"line":22,"column":36}},"locations":[{"start":{"line":22,"column":29},"end":{"line":22,"column":36}}]},"6":{"type":"branch","line":24,"loc":{"start":{"line":24,"column":39},"end":{"line":24,"column":46}},"locations":[{"start":{"line":24,"column":39},"end":{"line":24,"column":46}}]}},"b":{"0":[19],"1":[3],"2":[1],"3":[2],"4":[10],"5":[0],"6":[0]},"fnMap":{"0":{"name":"useGifs","decl":{"start":{"line":6,"column":23},"end":{"line":40,"column":2}},"loc":{"start":{"line":6,"column":23},"end":{"line":40,"column":2}},"line":6},"1":{"name":"handleTermClicked","decl":{"start":{"line":11,"column":28},"end":{"line":19,"column":4}},"loc":{"start":{"line":11,"column":28},"end":{"line":19,"column":4}},"line":11},"2":{"name":"handleSearch","decl":{"start":{"line":20,"column":23},"end":{"line":30,"column":4}},"loc":{"start":{"line":20,"column":23},"end":{"line":30,"column":4}},"line":20}},"f":{"0":19,"1":3,"2":10}}
,"/home/manuel/Documentos/ReactTS/03-gifs-app/src/gifs/interfaces/gif.interface.ts": {"path":"/home/manuel/Documentos/ReactTS/03-gifs-app/src/gifs/interfaces/gif.interface.ts","all":true,"statementMap":{},"s":{},"branchMap":{"0":{"type":"branch","line":1,"loc":{"start":{"line":1,"column":105},"end":{"line":7,"column":1}},"locations":[{"start":{"line":1,"column":105},"end":{"line":7,"column":1}}]}},"b":{"0":[1]},"fnMap":{"0":{"name":"(empty-report)","decl":{"start":{"line":1,"column":105},"end":{"line":7,"column":1}},"loc":{"start":{"line":1,"column":105},"end":{"line":7,"column":1}},"line":1}},"f":{"0":1}}
,"/home/manuel/Documentos/ReactTS/03-gifs-app/src/gifs/interfaces/giphy.response.ts": {"path":"/home/manuel/Documentos/ReactTS/03-gifs-app/src/gifs/interfaces/giphy.response.ts","all":true,"statementMap":{},"s":{},"branchMap":{"0":{"type":"branch","line":1,"loc":{"start":{"line":1,"column":2565},"end":{"line":130,"column":1}},"locations":[{"start":{"line":1,"column":2565},"end":{"line":130,"column":1}}]}},"b":{"0":[1]},"fnMap":{"0":{"name":"(empty-report)","decl":{"start":{"line":1,"column":2565},"end":{"line":130,"column":1}},"loc":{"start":{"line":1,"column":2565},"end":{"line":130,"column":1}},"line":1}},"f":{"0":1}}
,"/home/manuel/Documentos/ReactTS/03-gifs-app/src/mock-data/gif.mocks.ts": {"path":"/home/manuel/Documentos/ReactTS/03-gifs-app/src/mock-data/gif.mocks.ts","all":true,"statementMap":{"2":{"start":{"line":3,"column":0},"end":{"line":3,"column":32}},"3":{"start":{"line":4,"column":0},"end":{"line":4,"column":3}},"4":{"start":{"line":5,"column":0},"end":{"line":5,"column":12}},"5":{"start":{"line":6,"column":0},"end":{"line":6,"column":29}},"6":{"start":{"line":7,"column":0},"end":{"line":7,"column":185}},"7":{"start":{"line":8,"column":0},"end":{"line":8,"column":15}},"8":{"start":{"line":9,"column":0},"end":{"line":9,"column":16}},"9":{"start":{"line":10,"column":0},"end":{"line":10,"column":4}},"10":{"start":{"line":11,"column":0},"end":{"line":11,"column":3}},"11":{"start":{"line":12,"column":0},"end":{"line":12,"column":12}},"12":{"start":{"line":13,"column":0},"end":{"line":13,"column":23}},"13":{"start":{"line":14,"column":0},"end":{"line":14,"column":70}},"14":{"start":{"line":15,"column":0},"end":{"line":15,"column":15}},"15":{"start":{"line":16,"column":0},"end":{"line":16,"column":16}},"16":{"start":{"line":17,"column":0},"end":{"line":17,"column":4}},"17":{"start":{"line":18,"column":0},"end":{"line":18,"column":3}},"18":{"start":{"line":19,"column":0},"end":{"line":19,"column":12}},"19":{"start":{"line":20,"column":0},"end":{"line":20,"column":25}},"20":{"start":{"line":21,"column":0},"end":{"line":21,"column":185}},"21":{"start":{"line":22,"column":0},"end":{"line":22,"column":15}},"22":{"start":{"line":23,"column":0},"end":{"line":23,"column":16}},"23":{"start":{"line":24,"column":0},"end":{"line":24,"column":4}},"24":{"start":{"line":25,"column":0},"end":{"line":25,"column":3}},"25":{"start":{"line":26,"column":0},"end":{"line":26,"column":12}},"26":{"start":{"line":27,"column":0},"end":{"line":27,"column":23}},"27":{"start":{"line":28,"column":0},"end":{"line":28,"column":70}},"28":{"start":{"line":29,"column":0},"end":{"line":29,"column":15}},"29":{"start":{"line":30,"column":0},"end":{"line":30,"column":16}},"30":{"start":{"line":31,"column":0},"end":{"line":31,"column":4}},"31":{"start":{"line":32,"column":0},"end":{"line":32,"column":3}},"32":{"start":{"line":33,"column":0},"end":{"line":33,"column":12}},"33":{"start":{"line":34,"column":0},"end":{"line":34,"column":30}},"34":{"start":{"line":35,"column":0},"end":{"line":35,"column":185}},"35":{"start":{"line":36,"column":0},"end":{"line":36,"column":15}},"36":{"start":{"line":37,"column":0},"end":{"line":37,"column":16}},"37":{"start":{"line":38,"column":0},"end":{"line":38,"column":4}},"38":{"start":{"line":39,"column":0},"end":{"line":39,"column":3}},"39":{"start":{"line":40,"column":0},"end":{"line":40,"column":12}},"40":{"start":{"line":41,"column":0},"end":{"line":41,"column":31}},"41":{"start":{"line":42,"column":0},"end":{"line":42,"column":185}},"42":{"start":{"line":43,"column":0},"end":{"line":43,"column":15}},"43":{"start":{"line":44,"column":0},"end":{"line":44,"column":16}},"44":{"start":{"line":45,"column":0},"end":{"line":45,"column":4}},"45":{"start":{"line":46,"column":0},"end":{"line":46,"column":2}}},"s":{"2":0,"3":0,"4":0,"5":0,"6":0,"7":0,"8":0,"9":0,"10":0,"11":0,"12":0,"13":0,"14":0,"15":0,"16":0,"17":0,"18":0,"19":0,"20":0,"21":0,"22":0,"23":0,"24":0,"25":0,"26":0,"27":0,"28":0,"29":0,"30":0,"31":0,"32":0,"33":0,"34":0,"35":0,"36":0,"37":0,"38":0,"39":0,"40":0,"41":0,"42":0,"43":0,"44":0,"45":0},"branchMap":{"0":{"type":"branch","line":1,"loc":{"start":{"line":1,"column":1480},"end":{"line":46,"column":2}},"locations":[{"start":{"line":1,"column":1480},"end":{"line":46,"column":2}}]}},"b":{"0":[1]},"fnMap":{"0":{"name":"(empty-report)","decl":{"start":{"line":1,"column":1480},"end":{"line":46,"column":2}},"loc":{"start":{"line":1,"column":1480},"end":{"line":46,"column":2}},"line":1}},"f":{"0":1}}
,"/home/manuel/Documentos/ReactTS/03-gifs-app/src/shared/components/CustomHeader.tsx": {"path":"/home/manuel/Documentos/ReactTS/03-gifs-app/src/shared/components/CustomHeader.tsx","all":false,"statementMap":{"0":{"start":{"line":1,"column":0},"end":{"line":1,"column":87}},"1":{"start":{"line":2,"column":0},"end":{"line":2,"column":60}},"2":{"start":{"line":3,"column":0},"end":{"line":3,"column":94}},"8":{"start":{"line":9,"column":0},"end":{"line":9,"column":50}},"9":{"start":{"line":10,"column":0},"end":{"line":10,"column":86}},"10":{"start":{"line":11,"column":0},"end":{"line":11,"column":64}},"11":{"start":{"line":12,"column":0},"end":{"line":12,"column":10}},"12":{"start":{"line":13,"column":0},"end":{"line":13,"column":48}},"13":{"start":{"line":14,"column":0},"end":{"line":14,"column":36}},"15":{"start":{"line":16,"column":0},"end":{"line":16,"column":22}},"18":{"start":{"line":19,"column":0},"end":{"line":19,"column":43}},"21":{"start":{"line":22,"column":0},"end":{"line":22,"column":2}}},"s":{"0":1,"1":1,"2":1,"8":1,"9":1,"10":1,"11":4,"12":4,"13":4,"15":4,"18":4,"21":4},"branchMap":{"0":{"type":"branch","line":11,"loc":{"start":{"line":11,"column":28},"end":{"line":22,"column":2}},"locations":[{"start":{"line":11,"column":28},"end":{"line":22,"column":2}}]}},"b":{"0":[4]},"fnMap":{"0":{"name":"CustomHeader","decl":{"start":{"line":11,"column":28},"end":{"line":22,"column":2}},"loc":{"start":{"line":11,"column":28},"end":{"line":22,"column":2}},"line":11}},"f":{"0":4}}
,"/home/manuel/Documentos/ReactTS/03-gifs-app/src/shared/components/SearchBar.tsx": {"path":"/home/manuel/Documentos/ReactTS/03-gifs-app/src/shared/components/SearchBar.tsx","all":false,"statementMap":{"0":{"start":{"line":1,"column":0},"end":{"line":1,"column":40}},"1":{"start":{"line":2,"column":0},"end":{"line":2,"column":85}},"2":{"start":{"line":3,"column":0},"end":{"line":3,"column":60}},"3":{"start":{"line":4,"column":0},"end":{"line":4,"column":59}},"4":{"start":{"line":5,"column":0},"end":{"line":5,"column":64}},"14":{"start":{"line":15,"column":0},"end":{"line":15,"column":36}},"15":{"start":{"line":16,"column":0},"end":{"line":16,"column":74}},"16":{"start":{"line":17,"column":0},"end":{"line":17,"column":49}},"17":{"start":{"line":18,"column":0},"end":{"line":18,"column":41}},"19":{"start":{"line":20,"column":0},"end":{"line":20,"column":78}},"20":{"start":{"line":21,"column":0},"end":{"line":21,"column":19}},"21":{"start":{"line":22,"column":0},"end":{"line":22,"column":76}},"22":{"start":{"line":23,"column":0},"end":{"line":23,"column":40}},"23":{"start":{"line":24,"column":0},"end":{"line":24,"column":87}},"24":{"start":{"line":25,"column":0},"end":{"line":25,"column":12}},"26":{"start":{"line":27,"column":0},"end":{"line":27,"column":73}},"27":{"start":{"line":28,"column":0},"end":{"line":28,"column":79}},"28":{"start":{"line":29,"column":0},"end":{"line":29,"column":18}},"29":{"start":{"line":30,"column":0},"end":{"line":30,"column":30}},"30":{"start":{"line":31,"column":0},"end":{"line":31,"column":6}},"31":{"start":{"line":32,"column":0},"end":{"line":32,"column":23}},"33":{"start":{"line":34,"column":0},"end":{"line":34,"column":83}},"34":{"start":{"line":35,"column":0},"end":{"line":35,"column":30}},"35":{"start":{"line":36,"column":0},"end":{"line":36,"column":19}},"36":{"start":{"line":37,"column":0},"end":{"line":37,"column":4}},"38":{"start":{"line":39,"column":0},"end":{"line":39,"column":47}},"39":{"start":{"line":40,"column":0},"end":{"line":40,"column":69}},"40":{"start":{"line":41,"column":0},"end":{"line":41,"column":77}},"41":{"start":{"line":42,"column":0},"end":{"line":42,"column":32}},"42":{"start":{"line":43,"column":0},"end":{"line":43,"column":21}},"43":{"start":{"line":44,"column":0},"end":{"line":44,"column":5}},"44":{"start":{"line":45,"column":0},"end":{"line":45,"column":4}},"46":{"start":{"line":47,"column":0},"end":{"line":47,"column":10}},"47":{"start":{"line":48,"column":0},"end":{"line":48,"column":38}},"49":{"start":{"line":50,"column":0},"end":{"line":50,"column":12}},"50":{"start":{"line":51,"column":0},"end":{"line":51,"column":19}},"51":{"start":{"line":52,"column":0},"end":{"line":52,"column":77}},"52":{"start":{"line":53,"column":0},"end":{"line":53,"column":37}},"53":{"start":{"line":54,"column":0},"end":{"line":54,"column":107}},"54":{"start":{"line":55,"column":0},"end":{"line":55,"column":61}},"57":{"start":{"line":58,"column":0},"end":{"line":58,"column":52}},"60":{"start":{"line":61,"column":0},"end":{"line":61,"column":2}}},"s":{"0":1,"1":1,"2":1,"3":1,"4":1,"14":1,"15":1,"16":12,"17":12,"19":12,"20":12,"21":12,"22":12,"23":2,"24":12,"26":12,"27":12,"28":12,"29":12,"30":12,"31":12,"33":12,"34":12,"35":1,"36":1,"38":12,"39":12,"40":0,"41":0,"42":0,"43":0,"44":0,"46":12,"47":12,"49":12,"50":12,"51":12,"52":12,"53":12,"54":12,"57":12,"60":12},"branchMap":{"0":{"type":"branch","line":16,"loc":{"start":{"line":16,"column":25},"end":{"line":61,"column":2}},"locations":[{"start":{"line":16,"column":25},"end":{"line":61,"column":2}}]},"1":{"type":"branch","line":21,"loc":{"start":{"line":21,"column":12},"end":{"line":32,"column":5}},"locations":[{"start":{"line":21,"column":12},"end":{"line":32,"column":5}}]},"2":{"type":"branch","line":23,"loc":{"start":{"line":23,"column":33},"end":{"line":25,"column":7}},"locations":[{"start":{"line":23,"column":33},"end":{"line":25,"column":7}}]},"3":{"type":"branch","line":29,"loc":{"start":{"line":29,"column":11},"end":{"line":31,"column":6}},"locations":[{"start":{"line":29,"column":11},"end":{"line":31,"column":6}}]},"4":{"type":"branch","line":35,"loc":{"start":{"line":35,"column":23},"end":{"line":37,"column":4}},"locations":[{"start":{"line":35,"column":23},"end":{"line":37,"column":4}}]},"5":{"type":"branch","line":54,"loc":{"start":{"line":54,"column":18},"end":{"line":54,"column":107}},"locations":[{"start":{"line":54,"column":18},"end":{"line":54,"column":107}}]}},"b":{"0":[12],"1":[12],"2":[2],"3":[12],"4":[1],"5":[6]},"fnMap":{"0":{"name":"SearchBar","decl":{"start":{"line":16,"column":25},"end":{"line":61,"column":2}},"loc":{"start":{"line":16,"column":25},"end":{"line":61,"column":2}},"line":16},"1":{"name":"handleSearch","decl":{"start":{"line":35,"column":23},"end":{"line":37,"column":4}},"loc":{"start":{"line":35,"column":23},"end":{"line":37,"column":4}},"line":35},"2":{"name":"handleKeyDown","decl":{"start":{"line":40,"column":24},"end":{"line":45,"column":4}},"loc":{"start":{"line":40,"column":24},"end":{"line":45,"column":4}},"line":40},"3":{"name":"onChange","decl":{"start":{"line":54,"column":18},"end":{"line":54,"column":107}},"loc":{"start":{"line":54,"column":18},"end":{"line":54,"column":107}},"line":54}},"f":{"0":12,"1":1,"2":0,"3":6}}
}
